2021-02-03 17:55:36,652|[1]|WARN |7893b8c423aa|Estat.Sri.Ws.Controllers.Manager.SettingsManager|Assembly 'Estat.Sri.Mapping.MappingStore, Version=8.1.2.0, Culture=neutral, PublicKeyToken=null' was requested but is not configured.|
2021-02-03 17:56:44,015|[4]|ERROR|2f5a9998ac2d|Estat.Sri.Ws.Retrievers.Manager.MappingStoreSettingsManager|No connection string with name MappingStoreServer could not be found. Please add at the Web.config at <connectionStrings> section a connection string with name MappingStoreServer.|
2021-02-03 17:56:44,483|[7]|ERROR|7893b8c423aa|Org.Sdmxsource.Sdmx.Api.Exception.SdmxException|No structures found for the specific query|Org.Sdmxsource.Sdmx.Api.Exception.SdmxNoResultsException: No structures found for the specific query

2021-02-03 17:56:44,489|[7]|ERROR|7893b8c423aa|Org.Sdmxsource.Sdmx.Api.Exception.SdmxException|Could not find requested structures|Org.Sdmxsource.Sdmx.Api.Exception.SdmxNoResultsException: Could not find requested structures

2021-02-03 17:56:44,436|[4]|ERROR|2f5a9998ac2d|Estat.Sri.Ws.Rest.StructureResourceErrorHandler|Org.Sdmxsource.Sdmx.Api.Exception.SdmxNoResultsException: Could not find requested structures
   at Estat.Sri.Ws.Controllers.Manager.RetrieverManager.TryFactories(Func`2 tryRetrieverFactory) in /app/src/Controllers/Manager/RetrieverManager.cs:line 787
   at Estat.Sri.Ws.Controllers.Manager.RetrieverManager.ParseRequest(SdmxSchema sdmxSchema, IRestStructureQuery query) in /app/src/Controllers/Manager/RetrieverManager.cs:line 247
   at Estat.Sri.Ws.Controllers.Controller.StructureRequestController.ParseRequest(IRestStructureQuery query, IHeaderDictionary headersFromRequest, HttpContext ctx) in /app/src/Controllers/Controller/StructureRequestController.cs:line 164
   at Estat.Sri.Ws.Rest.StructureResource.ProcessRequest(String structure, String agencyId, String resourceId, String version, String filter, HttpContext ctx) in /app/src/NSIWebServices/StructureResource.cs:line 435
   at Estat.Sri.Ws.Rest.StructureResource.GetStructure(String structure, String agencyId, String resourceId, String version, String filter) in /app/src/NSIWebServices/StructureResource.cs:line 158
   at Estat.Sri.Ws.Rest.StructureResourceErrorHandler.GetStructure(String structure, String agencyId, String resourceId, String version, String filter) in /app/src/NSIWebServices/StructureResourceErrorHandler.cs:line 83|
2021-02-03 17:56:44,540|[4]|ERROR|2f5a9998ac2d|Estat.Sri.Ws.Controllers.Builder.ServiceExceptionRestBuilder|SdmxError : No Results Found, code : 100|
2021-02-03 17:56:44,540|[7]|ERROR|7893b8c423aa|Estat.Sri.Ws.Controllers.Builder.ServiceExceptionRestBuilder|Could not find requested structures|Org.Sdmxsource.Sdmx.Api.Exception.SdmxNoResultsException: Could not find requested structures
   at Estat.Sri.Ws.Controllers.Manager.RetrieverManager.TryFactories(Func`2 tryRetrieverFactory) in /app/src/Controllers/Manager/RetrieverManager.cs:line 787
   at Estat.Sri.Ws.Controllers.Manager.RetrieverManager.ParseRequest(SdmxSchema sdmxSchema, IRestStructureQuery query) in /app/src/Controllers/Manager/RetrieverManager.cs:line 247
   at Estat.Sri.Ws.Controllers.Controller.StructureRequestController.ParseRequest(IRestStructureQuery query, IHeaderDictionary headersFromRequest, HttpContext ctx) in /app/src/Controllers/Controller/StructureRequestController.cs:line 164
   at Estat.Sri.Ws.Rest.StructureResource.ProcessRequest(String structure, String agencyId, String resourceId, String version, String filter, HttpContext ctx) in /app/src/NSIWebServices/StructureResource.cs:line 435
   at Estat.Sri.Ws.Rest.StructureResource.GetStructure(String structure, String agencyId, String resourceId, String version, String filter) in /app/src/NSIWebServices/StructureResource.cs:line 158
   at Estat.Sri.Ws.Rest.StructureResourceErrorHandler.GetStructure(String structure, String agencyId, String resourceId, String version, String filter) in /app/src/NSIWebServices/StructureResourceErrorHandler.cs:line 83

2021-02-03 17:56:44,707|[4]|ERROR|2f5a9998ac2d|NSIWebServiceCore.ErrorHandlingMiddleware|Unhandled exception|Controllers.Utils.ServiceException: Could not find requested structures
 ---> Org.Sdmxsource.Sdmx.Api.Exception.SdmxNoResultsException: Could not find requested structures
   at Estat.Sri.Ws.Controllers.Manager.RetrieverManager.TryFactories(Func`2 tryRetrieverFactory) in /app/src/Controllers/Manager/RetrieverManager.cs:line 787
   at Estat.Sri.Ws.Controllers.Manager.RetrieverManager.ParseRequest(SdmxSchema sdmxSchema, IRestStructureQuery query) in /app/src/Controllers/Manager/RetrieverManager.cs:line 247
   at Estat.Sri.Ws.Controllers.Controller.StructureRequestController.ParseRequest(IRestStructureQuery query, IHeaderDictionary headersFromRequest, HttpContext ctx) in /app/src/Controllers/Controller/StructureRequestController.cs:line 164
   at Estat.Sri.Ws.Rest.StructureResource.ProcessRequest(String structure, String agencyId, String resourceId, String version, String filter, HttpContext ctx) in /app/src/NSIWebServices/StructureResource.cs:line 435
   at Estat.Sri.Ws.Rest.StructureResource.GetStructure(String structure, String agencyId, String resourceId, String version, String filter) in /app/src/NSIWebServices/StructureResource.cs:line 158
   at Estat.Sri.Ws.Rest.StructureResourceErrorHandler.GetStructure(String structure, String agencyId, String resourceId, String version, String filter) in /app/src/NSIWebServices/StructureResourceErrorHandler.cs:line 83
   --- End of inner exception stack trace ---
   at Estat.Sri.Ws.Rest.StructureResourceErrorHandler.BuildErrorResponse(Exception e) in /app/src/NSIWebServices/StructureResourceErrorHandler.cs:line 140
   at Estat.Sri.Ws.Rest.StructureResourceErrorHandler.GetStructure(String structure, String agencyId, String resourceId, String version, String filter) in /app/src/NSIWebServices/StructureResourceErrorHandler.cs:line 87
   at Estat.Sri.Ws.NSIWebServiceCore.Controllers.StructureController.GetStructure(String structure, String agencyId, String resourceId, String version) in /app/src/NSIWebServiceCore/Controllers/StructureController.cs:line 44
   at Microsoft.Extensions.Internal.ObjectMethodExecutor.<>c__DisplayClass33_0.<WrapVoidMethod>b__0(Object target, Object[] parameters)
   at Microsoft.Extensions.Internal.ObjectMethodExecutor.Execute(Object target, Object[] parameters)
   at Microsoft.AspNetCore.Mvc.Infrastructure.ActionMethodExecutor.VoidResultExecutor.Execute(IActionResultTypeMapper mapper, ObjectMethodExecutor executor, Object controller, Object[] arguments)
   at Microsoft.AspNetCore.Mvc.Infrastructure.ControllerActionInvoker.InvokeActionMethodAsync()
   at Microsoft.AspNetCore.Mvc.Infrastructure.ControllerActionInvoker.Next(State& next, Scope& scope, Object& state, Boolean& isCompleted)
   at Microsoft.AspNetCore.Mvc.Infrastructure.ControllerActionInvoker.InvokeNextActionFilterAsync()
--- End of stack trace from previous location where exception was thrown ---
   at Microsoft.AspNetCore.Mvc.Infrastructure.ControllerActionInvoker.Rethrow(ActionExecutedContextSealed context)
   at Microsoft.AspNetCore.Mvc.Infrastructure.ControllerActionInvoker.Next(State& next, Scope& scope, Object& state, Boolean& isCompleted)
   at Microsoft.AspNetCore.Mvc.Infrastructure.ControllerActionInvoker.InvokeInnerFilterAsync()
--- End of stack trace from previous location where exception was thrown ---
   at Microsoft.AspNetCore.Mvc.Infrastructure.ResourceInvoker.<InvokeNextResourceFilter>g__Awaited|24_0(ResourceInvoker invoker, Task lastTask, State next, Scope scope, Object state, Boolean isCompleted)
   at Microsoft.AspNetCore.Mvc.Infrastructure.ResourceInvoker.Rethrow(ResourceExecutedContextSealed context)
   at Microsoft.AspNetCore.Mvc.Infrastructure.ResourceInvoker.Next(State& next, Scope& scope, Object& state, Boolean& isCompleted)
   at Microsoft.AspNetCore.Mvc.Infrastructure.ResourceInvoker.InvokeFilterPipelineAsync()
--- End of stack trace from previous location where exception was thrown ---
   at Microsoft.AspNetCore.Mvc.Infrastructure.ResourceInvoker.<InvokeAsync>g__Logged|17_1(ResourceInvoker invoker)
   at Microsoft.AspNetCore.Routing.EndpointMiddleware.<Invoke>g__AwaitRequestTask|6_0(Endpoint endpoint, Task requestTask, ILogger logger)
   at Microsoft.AspNetCore.Builder.Extensions.MapWhenMiddleware.Invoke(HttpContext context)
   at Microsoft.AspNetCore.ResponseCaching.ResponseCachingMiddleware.Invoke(HttpContext httpContext)
   at Estat.Sri.Ws.AuthorizationMiddleware.SriAuthorizationMiddleware.Invoke(HttpContext context) in /app/src/Estat.Sri.Ws.AuthorizationMiddleware/SriAuthorizationMiddleware.cs:line 47
   at Estat.Sri.Ws.LoggingOptions.LoggingOptionsMiddleware.Invoke(HttpContext context) in /app/src/Estat.Sri.Ws.LoggingOptions/LoggingOptionsMiddleware.cs:line 36
   at Microsoft.AspNetCore.Authentication.AuthenticationMiddleware.Invoke(HttpContext context)
   at Estat.Sri.Ws.CorsModule.CorsHttpModule.Invoke(HttpContext context) in /app/src/Estat.Sri.Ws.CorsModule/CorsHttpModule.cs:line 30
   at Estat.Sri.Ws.NSIWebServiceCore.LoggingMiddleware.Invoke(HttpContext context) in /app/src/NSIWebServiceCore/LoggingMiddleware.cs:line 46
   at Microsoft.AspNetCore.Diagnostics.ExceptionHandlerMiddleware.<Invoke>g__Awaited|6_0(ExceptionHandlerMiddleware middleware, HttpContext context, Task task)

2021-02-03 17:56:47,378|[5]|ERROR|2f5a9998ac2d|Org.Sdmxsource.Sdmx.Api.Exception.SdmxException|No structures found for the specific query|Org.Sdmxsource.Sdmx.Api.Exception.SdmxNoResultsException: No structures found for the specific query

2021-02-03 17:56:47,379|[5]|ERROR|2f5a9998ac2d|Org.Sdmxsource.Sdmx.Api.Exception.SdmxException|Could not find requested structures|Org.Sdmxsource.Sdmx.Api.Exception.SdmxNoResultsException: Could not find requested structures

2021-02-03 17:56:47,379|[5]|ERROR|2f5a9998ac2d|Estat.Sri.Ws.Rest.StructureResourceErrorHandler|Org.Sdmxsource.Sdmx.Api.Exception.SdmxNoResultsException: Could not find requested structures
   at Estat.Sri.Ws.Controllers.Manager.RetrieverManager.TryFactories(Func`2 tryRetrieverFactory) in /app/src/Controllers/Manager/RetrieverManager.cs:line 787
   at Estat.Sri.Ws.Controllers.Manager.RetrieverManager.ParseRequest(SdmxSchema sdmxSchema, IRestStructureQuery query) in /app/src/Controllers/Manager/RetrieverManager.cs:line 247
   at Estat.Sri.Ws.Controllers.Controller.StructureRequestController.ParseRequest(IRestStructureQuery query, IHeaderDictionary headersFromRequest, HttpContext ctx) in /app/src/Controllers/Controller/StructureRequestController.cs:line 164
   at Estat.Sri.Ws.Rest.StructureResource.ProcessRequest(String structure, String agencyId, String resourceId, String version, String filter, HttpContext ctx) in /app/src/NSIWebServices/StructureResource.cs:line 435
   at Estat.Sri.Ws.Rest.StructureResource.GetStructure(String structure, String agencyId, String resourceId, String version, String filter) in /app/src/NSIWebServices/StructureResource.cs:line 158
   at Estat.Sri.Ws.Rest.StructureResourceErrorHandler.GetStructure(String structure, String agencyId, String resourceId, String version, String filter) in /app/src/NSIWebServices/StructureResourceErrorHandler.cs:line 83|
2021-02-03 17:56:47,380|[5]|ERROR|2f5a9998ac2d|Estat.Sri.Ws.Controllers.Builder.ServiceExceptionRestBuilder|SdmxError : No Results Found, code : 100|
2021-02-03 17:56:47,380|[5]|ERROR|2f5a9998ac2d|Estat.Sri.Ws.Controllers.Builder.ServiceExceptionRestBuilder|Could not find requested structures|Org.Sdmxsource.Sdmx.Api.Exception.SdmxNoResultsException: Could not find requested structures
   at Estat.Sri.Ws.Controllers.Manager.RetrieverManager.TryFactories(Func`2 tryRetrieverFactory) in /app/src/Controllers/Manager/RetrieverManager.cs:line 787
   at Estat.Sri.Ws.Controllers.Manager.RetrieverManager.ParseRequest(SdmxSchema sdmxSchema, IRestStructureQuery query) in /app/src/Controllers/Manager/RetrieverManager.cs:line 247
   at Estat.Sri.Ws.Controllers.Controller.StructureRequestController.ParseRequest(IRestStructureQuery query, IHeaderDictionary headersFromRequest, HttpContext ctx) in /app/src/Controllers/Controller/StructureRequestController.cs:line 164
   at Estat.Sri.Ws.Rest.StructureResource.ProcessRequest(String structure, String agencyId, String resourceId, String version, String filter, HttpContext ctx) in /app/src/NSIWebServices/StructureResource.cs:line 435
   at Estat.Sri.Ws.Rest.StructureResource.GetStructure(String structure, String agencyId, String resourceId, String version, String filter) in /app/src/NSIWebServices/StructureResource.cs:line 158
   at Estat.Sri.Ws.Rest.StructureResourceErrorHandler.GetStructure(String structure, String agencyId, String resourceId, String version, String filter) in /app/src/NSIWebServices/StructureResourceErrorHandler.cs:line 83

2021-02-03 17:56:47,382|[5]|ERROR|2f5a9998ac2d|NSIWebServiceCore.ErrorHandlingMiddleware|Unhandled exception|Controllers.Utils.ServiceException: Could not find requested structures
 ---> Org.Sdmxsource.Sdmx.Api.Exception.SdmxNoResultsException: Could not find requested structures
   at Estat.Sri.Ws.Controllers.Manager.RetrieverManager.TryFactories(Func`2 tryRetrieverFactory) in /app/src/Controllers/Manager/RetrieverManager.cs:line 787
   at Estat.Sri.Ws.Controllers.Manager.RetrieverManager.ParseRequest(SdmxSchema sdmxSchema, IRestStructureQuery query) in /app/src/Controllers/Manager/RetrieverManager.cs:line 247
   at Estat.Sri.Ws.Controllers.Controller.StructureRequestController.ParseRequest(IRestStructureQuery query, IHeaderDictionary headersFromRequest, HttpContext ctx) in /app/src/Controllers/Controller/StructureRequestController.cs:line 164
   at Estat.Sri.Ws.Rest.StructureResource.ProcessRequest(String structure, String agencyId, String resourceId, String version, String filter, HttpContext ctx) in /app/src/NSIWebServices/StructureResource.cs:line 435
   at Estat.Sri.Ws.Rest.StructureResource.GetStructure(String structure, String agencyId, String resourceId, String version, String filter) in /app/src/NSIWebServices/StructureResource.cs:line 158
   at Estat.Sri.Ws.Rest.StructureResourceErrorHandler.GetStructure(String structure, String agencyId, String resourceId, String version, String filter) in /app/src/NSIWebServices/StructureResourceErrorHandler.cs:line 83
   --- End of inner exception stack trace ---
   at Estat.Sri.Ws.Rest.StructureResourceErrorHandler.BuildErrorResponse(Exception e) in /app/src/NSIWebServices/StructureResourceErrorHandler.cs:line 140
   at Estat.Sri.Ws.Rest.StructureResourceErrorHandler.GetStructure(String structure, String agencyId, String resourceId, String version, String filter) in /app/src/NSIWebServices/StructureResourceErrorHandler.cs:line 87
   at Estat.Sri.Ws.NSIWebServiceCore.Controllers.StructureController.GetStructure(String structure, String agencyId, String resourceId, String version) in /app/src/NSIWebServiceCore/Controllers/StructureController.cs:line 44
   at Microsoft.Extensions.Internal.ObjectMethodExecutor.<>c__DisplayClass33_0.<WrapVoidMethod>b__0(Object target, Object[] parameters)
   at Microsoft.Extensions.Internal.ObjectMethodExecutor.Execute(Object target, Object[] parameters)
   at Microsoft.AspNetCore.Mvc.Infrastructure.ActionMethodExecutor.VoidResultExecutor.Execute(IActionResultTypeMapper mapper, ObjectMethodExecutor executor, Object controller, Object[] arguments)
   at Microsoft.AspNetCore.Mvc.Infrastructure.ControllerActionInvoker.InvokeActionMethodAsync()
   at Microsoft.AspNetCore.Mvc.Infrastructure.ControllerActionInvoker.Next(State& next, Scope& scope, Object& state, Boolean& isCompleted)
   at Microsoft.AspNetCore.Mvc.Infrastructure.ControllerActionInvoker.InvokeNextActionFilterAsync()
--- End of stack trace from previous location where exception was thrown ---
   at Microsoft.AspNetCore.Mvc.Infrastructure.ControllerActionInvoker.Rethrow(ActionExecutedContextSealed context)
   at Microsoft.AspNetCore.Mvc.Infrastructure.ControllerActionInvoker.Next(State& next, Scope& scope, Object& state, Boolean& isCompleted)
   at Microsoft.AspNetCore.Mvc.Infrastructure.ControllerActionInvoker.InvokeInnerFilterAsync()
--- End of stack trace from previous location where exception was thrown ---
   at Microsoft.AspNetCore.Mvc.Infrastructure.ResourceInvoker.<InvokeNextResourceFilter>g__Awaited|24_0(ResourceInvoker invoker, Task lastTask, State next, Scope scope, Object state, Boolean isCompleted)
   at Microsoft.AspNetCore.Mvc.Infrastructure.ResourceInvoker.Rethrow(ResourceExecutedContextSealed context)
   at Microsoft.AspNetCore.Mvc.Infrastructure.ResourceInvoker.Next(State& next, Scope& scope, Object& state, Boolean& isCompleted)
   at Microsoft.AspNetCore.Mvc.Infrastructure.ResourceInvoker.InvokeFilterPipelineAsync()
--- End of stack trace from previous location where exception was thrown ---
   at Microsoft.AspNetCore.Mvc.Infrastructure.ResourceInvoker.<InvokeAsync>g__Logged|17_1(ResourceInvoker invoker)
   at Microsoft.AspNetCore.Routing.EndpointMiddleware.<Invoke>g__AwaitRequestTask|6_0(Endpoint endpoint, Task requestTask, ILogger logger)
   at Microsoft.AspNetCore.Builder.Extensions.MapWhenMiddleware.Invoke(HttpContext context)
   at Microsoft.AspNetCore.ResponseCaching.ResponseCachingMiddleware.Invoke(HttpContext httpContext)
   at Estat.Sri.Ws.AuthorizationMiddleware.SriAuthorizationMiddleware.Invoke(HttpContext context) in /app/src/Estat.Sri.Ws.AuthorizationMiddleware/SriAuthorizationMiddleware.cs:line 47
   at Estat.Sri.Ws.LoggingOptions.LoggingOptionsMiddleware.Invoke(HttpContext context) in /app/src/Estat.Sri.Ws.LoggingOptions/LoggingOptionsMiddleware.cs:line 36
   at Microsoft.AspNetCore.Authentication.AuthenticationMiddleware.Invoke(HttpContext context)
   at Estat.Sri.Ws.CorsModule.CorsHttpModule.Invoke(HttpContext context) in /app/src/Estat.Sri.Ws.CorsModule/CorsHttpModule.cs:line 30
   at Estat.Sri.Ws.NSIWebServiceCore.LoggingMiddleware.Invoke(HttpContext context) in /app/src/NSIWebServiceCore/LoggingMiddleware.cs:line 46
   at Microsoft.AspNetCore.Diagnostics.ExceptionHandlerMiddleware.<Invoke>g__Awaited|6_0(ExceptionHandlerMiddleware middleware, HttpContext context, Task task)

2021-02-03 17:57:26,850|[7]|ERROR|7893b8c423aa|Org.Sdmxsource.Sdmx.Api.Exception.SdmxException|No structures found for the specific query|Org.Sdmxsource.Sdmx.Api.Exception.SdmxNoResultsException: No structures found for the specific query

2021-02-03 17:57:26,854|[7]|ERROR|7893b8c423aa|Org.Sdmxsource.Sdmx.Api.Exception.SdmxException|Could not find requested structures|Org.Sdmxsource.Sdmx.Api.Exception.SdmxNoResultsException: Could not find requested structures

2021-02-03 17:57:26,855|[7]|ERROR|7893b8c423aa|Estat.Sri.Ws.Rest.StructureResourceErrorHandler|Org.Sdmxsource.Sdmx.Api.Exception.SdmxNoResultsException: Could not find requested structures
   at Estat.Sri.Ws.Controllers.Manager.RetrieverManager.TryFactories(Func`2 tryRetrieverFactory) in /app/src/Controllers/Manager/RetrieverManager.cs:line 787
   at Estat.Sri.Ws.Controllers.Manager.RetrieverManager.ParseRequest(SdmxSchema sdmxSchema, IRestStructureQuery query) in /app/src/Controllers/Manager/RetrieverManager.cs:line 247
   at Estat.Sri.Ws.Controllers.Controller.StructureRequestController.ParseRequest(IRestStructureQuery query, IHeaderDictionary headersFromRequest, HttpContext ctx) in /app/src/Controllers/Controller/StructureRequestController.cs:line 164
   at Estat.Sri.Ws.Rest.StructureResource.ProcessRequest(String structure, String agencyId, String resourceId, String version, String filter, HttpContext ctx) in /app/src/NSIWebServices/StructureResource.cs:line 435
   at Estat.Sri.Ws.Rest.StructureResource.GetStructure(String structure, String agencyId, String resourceId, String version, String filter) in /app/src/NSIWebServices/StructureResource.cs:line 158
   at Estat.Sri.Ws.Rest.StructureResourceErrorHandler.GetStructure(String structure, String agencyId, String resourceId, String version, String filter) in /app/src/NSIWebServices/StructureResourceErrorHandler.cs:line 83|
2021-02-03 17:57:26,859|[7]|ERROR|7893b8c423aa|Estat.Sri.Ws.Controllers.Builder.ServiceExceptionRestBuilder|SdmxError : No Results Found, code : 100|
2021-02-03 17:57:26,859|[7]|ERROR|7893b8c423aa|Estat.Sri.Ws.Controllers.Builder.ServiceExceptionRestBuilder|Could not find requested structures|Org.Sdmxsource.Sdmx.Api.Exception.SdmxNoResultsException: Could not find requested structures
   at Estat.Sri.Ws.Controllers.Manager.RetrieverManager.TryFactories(Func`2 tryRetrieverFactory) in /app/src/Controllers/Manager/RetrieverManager.cs:line 787
   at Estat.Sri.Ws.Controllers.Manager.RetrieverManager.ParseRequest(SdmxSchema sdmxSchema, IRestStructureQuery query) in /app/src/Controllers/Manager/RetrieverManager.cs:line 247
   at Estat.Sri.Ws.Controllers.Controller.StructureRequestController.ParseRequest(IRestStructureQuery query, IHeaderDictionary headersFromRequest, HttpContext ctx) in /app/src/Controllers/Controller/StructureRequestController.cs:line 164
   at Estat.Sri.Ws.Rest.StructureResource.ProcessRequest(String structure, String agencyId, String resourceId, String version, String filter, HttpContext ctx) in /app/src/NSIWebServices/StructureResource.cs:line 435
   at Estat.Sri.Ws.Rest.StructureResource.GetStructure(String structure, String agencyId, String resourceId, String version, String filter) in /app/src/NSIWebServices/StructureResource.cs:line 158
   at Estat.Sri.Ws.Rest.StructureResourceErrorHandler.GetStructure(String structure, String agencyId, String resourceId, String version, String filter) in /app/src/NSIWebServices/StructureResourceErrorHandler.cs:line 83

2021-02-03 17:57:26,867|[7]|ERROR|7893b8c423aa|NSIWebServiceCore.ErrorHandlingMiddleware|Unhandled exception|Controllers.Utils.ServiceException: Could not find requested structures
 ---> Org.Sdmxsource.Sdmx.Api.Exception.SdmxNoResultsException: Could not find requested structures
   at Estat.Sri.Ws.Controllers.Manager.RetrieverManager.TryFactories(Func`2 tryRetrieverFactory) in /app/src/Controllers/Manager/RetrieverManager.cs:line 787
   at Estat.Sri.Ws.Controllers.Manager.RetrieverManager.ParseRequest(SdmxSchema sdmxSchema, IRestStructureQuery query) in /app/src/Controllers/Manager/RetrieverManager.cs:line 247
   at Estat.Sri.Ws.Controllers.Controller.StructureRequestController.ParseRequest(IRestStructureQuery query, IHeaderDictionary headersFromRequest, HttpContext ctx) in /app/src/Controllers/Controller/StructureRequestController.cs:line 164
   at Estat.Sri.Ws.Rest.StructureResource.ProcessRequest(String structure, String agencyId, String resourceId, String version, String filter, HttpContext ctx) in /app/src/NSIWebServices/StructureResource.cs:line 435
   at Estat.Sri.Ws.Rest.StructureResource.GetStructure(String structure, String agencyId, String resourceId, String version, String filter) in /app/src/NSIWebServices/StructureResource.cs:line 158
   at Estat.Sri.Ws.Rest.StructureResourceErrorHandler.GetStructure(String structure, String agencyId, String resourceId, String version, String filter) in /app/src/NSIWebServices/StructureResourceErrorHandler.cs:line 83
   --- End of inner exception stack trace ---
   at Estat.Sri.Ws.Rest.StructureResourceErrorHandler.BuildErrorResponse(Exception e) in /app/src/NSIWebServices/StructureResourceErrorHandler.cs:line 140
   at Estat.Sri.Ws.Rest.StructureResourceErrorHandler.GetStructure(String structure, String agencyId, String resourceId, String version, String filter) in /app/src/NSIWebServices/StructureResourceErrorHandler.cs:line 87
   at Estat.Sri.Ws.NSIWebServiceCore.Controllers.StructureController.GetStructure(String structure, String agencyId, String resourceId, String version) in /app/src/NSIWebServiceCore/Controllers/StructureController.cs:line 44
   at Microsoft.Extensions.Internal.ObjectMethodExecutor.<>c__DisplayClass33_0.<WrapVoidMethod>b__0(Object target, Object[] parameters)
   at Microsoft.Extensions.Internal.ObjectMethodExecutor.Execute(Object target, Object[] parameters)
   at Microsoft.AspNetCore.Mvc.Infrastructure.ActionMethodExecutor.VoidResultExecutor.Execute(IActionResultTypeMapper mapper, ObjectMethodExecutor executor, Object controller, Object[] arguments)
   at Microsoft.AspNetCore.Mvc.Infrastructure.ControllerActionInvoker.InvokeActionMethodAsync()
   at Microsoft.AspNetCore.Mvc.Infrastructure.ControllerActionInvoker.Next(State& next, Scope& scope, Object& state, Boolean& isCompleted)
   at Microsoft.AspNetCore.Mvc.Infrastructure.ControllerActionInvoker.InvokeNextActionFilterAsync()
--- End of stack trace from previous location where exception was thrown ---
   at Microsoft.AspNetCore.Mvc.Infrastructure.ControllerActionInvoker.Rethrow(ActionExecutedContextSealed context)
   at Microsoft.AspNetCore.Mvc.Infrastructure.ControllerActionInvoker.Next(State& next, Scope& scope, Object& state, Boolean& isCompleted)
   at Microsoft.AspNetCore.Mvc.Infrastructure.ControllerActionInvoker.InvokeInnerFilterAsync()
--- End of stack trace from previous location where exception was thrown ---
   at Microsoft.AspNetCore.Mvc.Infrastructure.ResourceInvoker.<InvokeNextResourceFilter>g__Awaited|24_0(ResourceInvoker invoker, Task lastTask, State next, Scope scope, Object state, Boolean isCompleted)
   at Microsoft.AspNetCore.Mvc.Infrastructure.ResourceInvoker.Rethrow(ResourceExecutedContextSealed context)
   at Microsoft.AspNetCore.Mvc.Infrastructure.ResourceInvoker.Next(State& next, Scope& scope, Object& state, Boolean& isCompleted)
   at Microsoft.AspNetCore.Mvc.Infrastructure.ResourceInvoker.InvokeFilterPipelineAsync()
--- End of stack trace from previous location where exception was thrown ---
   at Microsoft.AspNetCore.Mvc.Infrastructure.ResourceInvoker.<InvokeAsync>g__Logged|17_1(ResourceInvoker invoker)
   at Microsoft.AspNetCore.Routing.EndpointMiddleware.<Invoke>g__AwaitRequestTask|6_0(Endpoint endpoint, Task requestTask, ILogger logger)
   at Microsoft.AspNetCore.Builder.Extensions.MapWhenMiddleware.Invoke(HttpContext context)
   at Microsoft.AspNetCore.ResponseCaching.ResponseCachingMiddleware.Invoke(HttpContext httpContext)
   at Estat.Sri.Ws.AuthorizationMiddleware.SriAuthorizationMiddleware.Invoke(HttpContext context) in /app/src/Estat.Sri.Ws.AuthorizationMiddleware/SriAuthorizationMiddleware.cs:line 47
   at Estat.Sri.Ws.LoggingOptions.LoggingOptionsMiddleware.Invoke(HttpContext context) in /app/src/Estat.Sri.Ws.LoggingOptions/LoggingOptionsMiddleware.cs:line 36
   at Microsoft.AspNetCore.Authentication.AuthenticationMiddleware.Invoke(HttpContext context)
   at Estat.Sri.Ws.CorsModule.CorsHttpModule.Invoke(HttpContext context) in /app/src/Estat.Sri.Ws.CorsModule/CorsHttpModule.cs:line 30
   at Estat.Sri.Ws.NSIWebServiceCore.LoggingMiddleware.Invoke(HttpContext context) in /app/src/NSIWebServiceCore/LoggingMiddleware.cs:line 46
   at Microsoft.AspNetCore.Diagnostics.ExceptionHandlerMiddleware.<Invoke>g__Awaited|6_0(ExceptionHandlerMiddleware middleware, HttpContext context, Task task)

2021-02021-02-03 18:01:21,126|[31]|ERROR|2f5a9998ac2d|Org.Sdmxsource.Sdmx.Api.Exception.SdmxException|No structures found for the specific query|Org.Sdmxsource.Sdmx.Api.Exception.SdmxNoResultsException: No structures found for the specific q2021-02021-02-03 18:01:21,171|[31]|ERROR|2f5a9998ac2d|Org.Sdmxsource.Sdmx.Api.Exception.SdmxException|Could not find requested structures|Org.Sdmxsource.Sdmx.Api.Exception.SdmxNoResultsException: Could not find requested struct2021-02021-02-03 18:01:21,172|[31]|ERROR|2f5a9998ac2d|Estat.Sri.Ws.Rest.StructureResourceErrorHandler|Org.Sdmxsource.Sdmx.Api.Exception.SdmxNoResultsException: Could not find requested structures
   at Estat.Sri.Ws.Controllers.Manager.RetrieverManager.TryFactories(Func`2 tryRetrieverFactory) in /app/src/Controllers/Manager/RetrieverManager.cs:line 787
   at Estat.Sri.Ws.Controllers.Manager.RetrieverManager.ParseRequest(SdmxSchema sdmxSchema, IRestStructureQuery query) in /app/src/Controllers/Manager/RetrieverManager.cs:line 247
   at Estat.Sri.Ws.Controllers.Controller.StructureRequestController.ParseRequest(IRestStructureQuery query, IHeaderDictionary headersFromRequest, HttpContext ctx) in /app/src/Controllers/Controller/StructureRequestController.cs:line 164
   at Estat.Sri.Ws.Rest.StructureResource.ProcessRequest(String structure, String agencyId, String resourceId, String version, String filter, HttpContext ctx) in /app/src/NSIWebServices/StructureResource.cs:line 435
   at Estat.Sri.Ws.Rest.StructureResource.GetStructure(String structure, String agencyId, String resourceId, String version, String filter) in /app/src/NSIWebServices/StructureResource.cs:line 158
   at Estat.Sri.Ws.Rest.StructureResourceErrorHandler.GetStructure(String structure, String agencyId, String resourceId, String version, String filter) in /app/src/NSIWebServices/StructureResourceErrorHandler.cs:lin2021-02021-02-03 18:01:21,173|[31]|ERROR|2f5a9998ac2d|Estat.Sri.Ws.Controllers.Builder.ServiceExceptionRestBuilder|SdmxError : No Results Found, code :2021-02021-02-03 18:01:21,174|[31]|ERROR|2f5a9998ac2d|Estat.Sri.Ws.Controllers.Builder.ServiceExceptionRestBuilder|Could not find requested structures|Org.Sdmxsource.Sdmx.Api.Exception.SdmxNoResultsException: Could not find requested structures
   at Estat.Sri.Ws.Controllers.Manager.RetrieverManager.TryFactories(Func`2 tryRetrieverFactory) in /app/src/Controllers/Manager/RetrieverManager.cs:line 787
   at Estat.Sri.Ws.Controllers.Manager.RetrieverManager.ParseRequest(SdmxSchema sdmxSchema, IRestStructureQuery query) in /app/src/Controllers/Manager/RetrieverManager.cs:line 247
   at Estat.Sri.Ws.Controllers.Controller.StructureRequestController.ParseRequest(IRestStructureQuery query, IHeaderDictionary headersFromRequest, HttpContext ctx) in /app/src/Controllers/Controller/StructureRequestController.cs:line 164
   at Estat.Sri.Ws.Rest.StructureResource.ProcessRequest(String structure, String agencyId, String resourceId, String version, String filter, HttpContext ctx) in /app/src/NSIWebServices/StructureResource.cs:line 435
   at Estat.Sri.Ws.Rest.StructureResource.GetStructure(String structure, String agencyId, String resourceId, String version, String filter) in /app/src/NSIWebServices/StructureResource.cs:line 158
   at Estat.Sri.Ws.Rest.StructureResourceErrorHandler.GetStructure(String structure, String agencyId, String resourceId, String version, String filter) in /app/src/NSIWebServices/StructureResourceErrorHandler.cs:lin2021-02021-02-03 18:01:21,186|[31]|ERROR|2f5a9998ac2d|NSIWebServiceCore.ErrorHandlingMiddleware|Unhandled exception|Controllers.Utils.ServiceException: Could not find requested structures
 ---> Org.Sdmxsource.Sdmx.Api.Exception.SdmxNoResultsException: Could not find requested structures
   at Estat.Sri.Ws.Controllers.Manager.RetrieverManager.TryFactories(Func`2 tryRetrieverFactory) in /app/src/Controllers/Manager/RetrieverManager.cs:line 787
   at Estat.Sri.Ws.Controllers.Manager.RetrieverManager.ParseRequest(SdmxSchema sdmxSchema, IRestStructureQuery query) in /app/src/Controllers/Manager/RetrieverManager.cs:line 247
   at Estat.Sri.Ws.Controllers.Controller.StructureRequestController.ParseRequest(IRestStructureQuery query, IHeaderDictionary headersFromRequest, HttpContext ctx) in /app/src/Controllers/Controller/StructureRequestController.cs:line 164
   at Estat.Sri.Ws.Rest.StructureResource.ProcessRequest(String structure, String agencyId, String resourceId, String version, String filter, HttpContext ctx) in /app/src/NSIWebServices/StructureResource.cs:line 435
   at Estat.Sri.Ws.Rest.StructureResource.GetStructure(String structure, String agencyId, String resourceId, String version, String filter) in /app/src/NSIWebServices/StructureResource.cs:line 158
   at Estat.Sri.Ws.Rest.StructureResourceErrorHandler.GetStructure(String structure, String agencyId, String resourceId, String version, String filter) in /app/src/NSIWebServices/StructureResourceErrorHandler.cs:line 83
   --- End of inner exception stack trace ---
   at Estat.Sri.Ws.Rest.StructureResourceErrorHandler.BuildErrorResponse(Exception e) in /app/src/NSIWebServices/StructureResourceErrorHandler.cs:line 140
   at Estat.Sri.Ws.Rest.StructureResourceErrorHandler.GetStructure(String structure, String agencyId, String resourceId, String version, String filter) in /app/src/NSIWebServices/StructureResourceErrorHandler.cs:line 87
   at Estat.Sri.Ws.NSIWebServiceCore.Controllers.StructureController.GetStructure(String structure, String agencyId, String resourceId, String version) in /app/src/NSIWebServiceCore/Controllers/StructureController.cs:line 44
   at Microsoft.Extensions.Internal.ObjectMethodExecutor.<>c__DisplayClass33_0.<WrapVoidMethod>b__0(Object target, Object[] parameters)
   at Microsoft.Extensions.Internal.ObjectMethodExecutor.Execute(Object target, Object[] parameters)
   at Microsoft.AspNetCore.Mvc.Infrastructure.ActionMethodExecutor.VoidResultExecutor.Execute(IActionResultTypeMapper mapper, ObjectMethodExecutor executor, Object controller, Object[] arguments)
   at Microsoft.AspNetCore.Mvc.Infrastructure.ControllerActionInvoker.InvokeActionMethodAsync()
   at Microsoft.AspNetCore.Mvc.Infrastructure.ControllerActionInvoker.Next(State& next, Scope& scope, Object& state, Boolean& isCompleted)
   at Microsoft.AspNetCore.Mvc.Infrastructure.ControllerActionInvoker.InvokeNextActionFilterAsync()
--- End of stack trace from previous location where exception was thrown ---
   at Microsoft.AspNetCore.Mvc.Infrastructure.ControllerActionInvoker.Rethrow(ActionExecutedContextSealed context)
   at Microsoft.AspNetCore.Mvc.Infrastructure.ControllerActionInvoker.Next(State& next, Scope& scope, Object& state, Boolean& isCompleted)
   at Microsoft.AspNetCore.Mvc.Infrastructure.ControllerActionInvoker.InvokeInnerFilterAsync()
--- End of stack trace from previous location where exception was thrown ---
   at Microsoft.AspNetCore.Mvc.Infrastructure.ResourceInvoker.<InvokeNextResourceFilter>g__Awaited|24_0(ResourceInvoker invoker, Task lastTask, State next, Scope scope, Object state, Boolean isCompleted)
   at Microsoft.AspNetCore.Mvc.Infrastructure.ResourceInvoker.Rethrow(ResourceExecutedContextSealed context)
   at Microsoft.AspNetCore.Mvc.Infrastructure.ResourceInvoker.Next(State& next, Scope& scope, Object& state, Boolean& isCompleted)
   at Microsoft.AspNetCore.Mvc.Infrastructure.ResourceInvoker.InvokeFilterPipelineAsync()
--- End of stack trace from previous location where exception was thrown ---
   at Microsoft.AspNetCore.Mvc.Infrastructure.ResourceInvoker.<InvokeAsync>g__Logged|17_1(ResourceInvoker invoker)
   at Microsoft.AspNetCore.Routing.EndpointMiddleware.<Invoke>g__AwaitRequestTask|6_0(Endpoint endpoint, Task requestTask, ILogger logger)
   at Microsoft.AspNetCore.Builder.Extensions.MapWhenMiddleware.Invoke(HttpContext context)
   at Microsoft.AspNetCore.ResponseCaching.ResponseCachingMiddleware.Invoke(HttpContext httpContext)
   at Estat.Sri.Ws.AuthorizationMiddleware.SriAuthorizationMiddleware.Invoke(HttpContext context) in /app/src/Estat.Sri.Ws.AuthorizationMiddleware/SriAuthorizationMiddleware.cs:line 47
   at Estat.Sri.Ws.LoggingOptions.LoggingOptionsMiddleware.Invoke(HttpContext context) in /app/src/Estat.Sri.Ws.LoggingOptions/LoggingOptionsMiddleware.cs:line 36
   at Microsoft.AspNetCore.Authentication.AuthenticationMiddleware.Invoke(HttpContext context)
   at Estat.Sri.Ws.CorsModule.CorsHttpModule.Invoke(HttpContext context) in /app/src/Estat.Sri.Ws.CorsModule/CorsHttpModule.cs:line 30
   at Estat.Sri.Ws.NSIWebServiceCore.LoggingMiddleware.Invoke(HttpContext context) in /app/src/NSIWebServiceCore/LoggingMiddleware.cs:line 46
   at Microsoft.AspNetCore.Diagnostics.ExceptionHandlerMiddleware.<Invoke>g__Awaited|6_0(ExceptionHandlerMiddleware middleware, HttpContext context, Task task)

